[debug] [2025-09-15T17:20:45.019Z] ----------------------------------------------------------------------
[debug] [2025-09-15T17:20:45.022Z] Command:       C:\Program Files\nodejs\node.exe C:\Users\dashi\AppData\Roaming\npm\node_modules\firebase-tools\lib\bin\firebase.js init
[debug] [2025-09-15T17:20:45.023Z] CLI Version:   14.16.0
[debug] [2025-09-15T17:20:45.023Z] Platform:      win32
[debug] [2025-09-15T17:20:45.023Z] Node Version:  v22.19.0
[debug] [2025-09-15T17:20:45.023Z] Time:          Mon Sep 15 2025 22:50:45 GMT+0530 (India Standard Time)
[debug] [2025-09-15T17:20:45.023Z] ----------------------------------------------------------------------
[debug] 
[debug] [2025-09-15T17:20:45.030Z] > command requires scopes: ["email","openid","https://www.googleapis.com/auth/cloudplatformprojects.readonly","https://www.googleapis.com/auth/firebase","https://www.googleapis.com/auth/cloud-platform"]
[debug] [2025-09-15T17:20:45.031Z] > authorizing via signed-in user (dashimanshusekhar58@gmail.com)
[info] 
     ######## #### ########  ######## ########     ###     ######  ########
     ##        ##  ##     ## ##       ##     ##  ##   ##  ##       ##
     ######    ##  ########  ######   ########  #########  ######  ######
     ##        ##  ##    ##  ##       ##     ## ##     ##       ## ##
     ##       #### ##     ## ######## ########  ##     ##  ######  ########

You're about to initialize a Firebase project in this directory:

  D:\CODE\freshmart-grocery-shop\grocery-backend

[debug] [2025-09-15T17:21:02.569Z] ExitPromptError: User force closed the prompt with SIGINT
    at Interface.sigint (C:\Users\dashi\AppData\Roaming\npm\node_modules\firebase-tools\node_modules\@inquirer\core\dist\commonjs\lib\create-prompt.js:101:37)
    at Interface.emit (node:events:519:28)
    at Interface.emit (node:domain:489:12)
    at [_ttyWrite] [as _ttyWrite] (node:internal/readline/interface:1132:18)
    at ReadStream.onkeypress (node:internal/readline/interface:271:20)
    at ReadStream.emit (node:events:531:35)
    at ReadStream.emit (node:domain:489:12)
    at emitKeys (node:internal/readline/utils:370:14)
    at emitKeys.next (<anonymous>)
    at ReadStream.onData (node:internal/readline/emitKeypressEvents:64:36)
[error] 
[error] Error: An unexpected error has occurred.
